{"total": {"lines":{"total":270,"covered":201,"skipped":0,"pct":74.44},"statements":{"total":270,"covered":201,"skipped":0,"pct":74.44},"functions":{"total":21,"covered":16,"skipped":0,"pct":76.19},"branches":{"total":48,"covered":36,"skipped":0,"pct":75},"branchesTrue":{"total":0,"covered":0,"skipped":0,"pct":100}}
,"/Users/jinmina/Documents/KTC-assignment/kakao-assignment-1/js/features/todo/todoConstants.js": {"lines":{"total":32,"covered":32,"skipped":0,"pct":100},"functions":{"total":0,"covered":0,"skipped":0,"pct":100},"statements":{"total":32,"covered":32,"skipped":0,"pct":100},"branches":{"total":1,"covered":1,"skipped":0,"pct":100}}
,"/Users/jinmina/Documents/KTC-assignment/kakao-assignment-1/js/features/todo/todoService.js": {"lines":{"total":132,"covered":121,"skipped":0,"pct":91.66},"functions":{"total":13,"covered":11,"skipped":0,"pct":84.61},"statements":{"total":132,"covered":121,"skipped":0,"pct":91.66},"branches":{"total":37,"covered":28,"skipped":0,"pct":75.67}}
,"/Users/jinmina/Documents/KTC-assignment/kakao-assignment-1/js/features/todo/todoStorage.js": {"lines":{"total":48,"covered":30,"skipped":0,"pct":62.5},"functions":{"total":3,"covered":2,"skipped":0,"pct":66.66},"statements":{"total":48,"covered":30,"skipped":0,"pct":62.5},"branches":{"total":6,"covered":3,"skipped":0,"pct":50}}
,"/Users/jinmina/Documents/KTC-assignment/kakao-assignment-1/js/shared/pagination.js": {"lines":{"total":58,"covered":18,"skipped":0,"pct":31.03},"functions":{"total":5,"covered":3,"skipped":0,"pct":60},"statements":{"total":58,"covered":18,"skipped":0,"pct":31.03},"branches":{"total":4,"covered":4,"skipped":0,"pct":100}}
}
