TN:
SF:js/features/todo/todoConstants.js
FNF:0
FNH:0
DA:1,1
DA:2,1
DA:3,1
DA:4,1
DA:5,1
DA:6,1
DA:7,1
DA:8,1
DA:9,1
DA:10,1
DA:11,1
DA:12,1
DA:13,1
DA:14,1
DA:15,1
DA:16,1
DA:17,1
DA:18,1
DA:19,1
DA:20,1
DA:21,1
DA:22,1
DA:23,1
DA:24,1
DA:25,1
DA:26,1
DA:27,1
DA:28,1
DA:29,1
DA:30,1
DA:31,1
DA:32,1
LF:32
LH:32
BRDA:1,0,0,1
BRF:1
BRH:1
end_of_record
TN:
SF:js/features/todo/todoService.js
FN:16,getTimestamp
FN:18,createId
FN:24,validateContent
FN:35,getInitialStatus
FN:40,createTodo
FN:52,updateTodo
FN:59,toggleTodo
FN:67,sortNewestFirst
FN:69,sortTodosForDate
FN:71,sortTodosForFilter
FN:81,selectVisibleTodos
FN:97,serializeTodo
FN:110,normalizeTodo
FNF:13
FNH:11
FNDA:3,getTimestamp
FNDA:0,createId
FNDA:4,validateContent
FNDA:2,getInitialStatus
FNDA:0,createTodo
FNDA:1,updateTodo
FNDA:2,toggleTodo
FNDA:1,sortNewestFirst
FNDA:1,sortTodosForDate
FNDA:2,sortTodosForFilter
FNDA:3,selectVisibleTodos
FNDA:1,serializeTodo
FNDA:1,normalizeTodo
DA:1,1
DA:2,1
DA:3,1
DA:4,1
DA:5,1
DA:6,1
DA:7,1
DA:8,1
DA:9,1
DA:10,1
DA:11,1
DA:12,1
DA:13,1
DA:14,1
DA:15,1
DA:16,1
DA:17,1
DA:18,1
DA:19,0
DA:20,0
DA:21,1
DA:22,1
DA:23,1
DA:24,1
DA:25,4
DA:26,4
DA:27,1
DA:28,1
DA:29,4
DA:30,1
DA:31,1
DA:32,2
DA:33,1
DA:34,1
DA:35,1
DA:36,2
DA:37,1
DA:38,1
DA:39,1
DA:40,1
DA:41,0
DA:42,0
DA:43,0
DA:44,0
DA:45,0
DA:46,0
DA:47,0
DA:48,0
DA:49,0
DA:50,1
DA:51,1
DA:52,1
DA:53,1
DA:54,1
DA:55,1
DA:56,1
DA:57,1
DA:58,1
DA:59,1
DA:60,2
DA:61,2
DA:62,2
DA:63,2
DA:64,2
DA:65,1
DA:66,1
DA:67,1
DA:68,1
DA:69,1
DA:70,1
DA:71,1
DA:72,3
DA:73,3
DA:74,1
DA:75,1
DA:76,1
DA:77,1
DA:78,1
DA:79,1
DA:80,1
DA:81,1
DA:82,3
DA:83,3
DA:84,3
DA:85,3
DA:86,3
DA:87,3
DA:88,1
DA:89,1
DA:90,2
DA:91,2
DA:92,3
DA:93,3
DA:94,3
DA:95,1
DA:96,1
DA:97,1
DA:98,1
DA:99,1
DA:100,1
DA:101,1
DA:102,1
DA:103,1
DA:104,1
DA:105,1
DA:106,1
DA:107,1
DA:108,1
DA:109,1
DA:110,1
DA:111,1
DA:112,1
DA:113,1
DA:114,1
DA:115,1
DA:116,1
DA:117,1
DA:118,1
DA:119,1
DA:120,1
DA:121,1
DA:122,1
DA:123,1
DA:124,1
DA:125,1
DA:126,1
DA:127,1
DA:128,1
DA:129,1
DA:130,1
DA:131,1
DA:132,1
LF:132
LH:121
BRDA:1,0,0,1
BRDA:16,1,0,3
BRDA:24,2,0,4
BRDA:26,3,0,1
BRDA:29,4,0,3
BRDA:29,5,0,1
BRDA:32,6,0,2
BRDA:35,7,0,2
BRDA:36,8,0,1
BRDA:36,9,0,1
BRDA:52,10,0,1
BRDA:56,11,0,0
BRDA:59,12,0,2
BRDA:63,13,0,1
BRDA:64,14,0,1
BRDA:67,15,0,1
BRDA:69,16,0,1
BRDA:71,17,0,2
BRDA:71,18,0,3
BRDA:73,19,0,1
BRDA:81,20,0,3
BRDA:87,21,0,1
BRDA:90,22,0,2
BRDA:92,23,0,1
BRDA:93,24,0,1
BRDA:88,25,0,3
BRDA:93,26,0,3
BRDA:97,27,0,1
BRDA:110,28,0,1
BRDA:111,29,0,0
BRDA:112,30,0,0
BRDA:115,31,0,0
BRDA:117,32,0,0
BRDA:119,33,0,0
BRDA:120,34,0,0
BRDA:121,35,0,0
BRDA:122,36,0,0
BRF:37
BRH:28
end_of_record
TN:
SF:js/features/todo/todoStorage.js
FN:6,canUseStorage
FN:16,loadTodos
FN:37,saveTodos
FNF:3
FNH:2
FNDA:0,canUseStorage
FNDA:1,loadTodos
FNDA:1,saveTodos
DA:1,1
DA:2,1
DA:3,1
DA:4,1
DA:5,1
DA:6,1
DA:7,0
DA:8,0
DA:9,0
DA:10,0
DA:11,0
DA:12,0
DA:13,0
DA:14,1
DA:15,1
DA:16,1
DA:17,1
DA:18,1
DA:19,1
DA:20,1
DA:21,1
DA:22,1
DA:23,0
DA:24,0
DA:25,0
DA:26,0
DA:27,0
DA:28,1
DA:29,1
DA:30,1
DA:31,1
DA:32,1
DA:33,1
DA:34,1
DA:35,1
DA:36,1
DA:37,1
DA:38,1
DA:39,1
DA:40,1
DA:41,1
DA:42,0
DA:43,0
DA:44,0
DA:45,0
DA:46,0
DA:47,0
DA:48,1
LF:48
LH:30
BRDA:1,0,0,1
BRDA:16,1,0,1
BRDA:19,2,0,0
BRDA:22,3,0,0
BRDA:37,4,0,1
BRDA:41,5,0,0
BRF:6
BRH:3
end_of_record
TN:
SF:js/shared/pagination.js
FN:1,getTotalPages
FN:5,clampPage
FN:9,paginate
FN:14,createPageButton
FN:32,renderPagination
FNF:5
FNH:3
FNDA:2,getTotalPages
FNDA:1,clampPage
FNDA:1,paginate
FNDA:0,createPageButton
FNDA:0,renderPagination
DA:1,1
DA:2,2
DA:3,1
DA:4,1
DA:5,1
DA:6,1
DA:7,1
DA:8,1
DA:9,1
DA:10,1
DA:11,1
DA:12,1
DA:13,1
DA:14,1
DA:15,0
DA:16,0
DA:17,0
DA:18,0
DA:19,0
DA:20,0
DA:21,0
DA:22,0
DA:23,0
DA:24,0
DA:25,0
DA:26,0
DA:27,0
DA:28,0
DA:29,0
DA:30,1
DA:31,1
DA:32,1
DA:33,0
DA:34,0
DA:35,0
DA:36,0
DA:37,0
DA:38,0
DA:39,0
DA:40,0
DA:41,0
DA:42,0
DA:43,0
DA:44,0
DA:45,0
DA:46,0
DA:47,0
DA:48,0
DA:49,0
DA:50,0
DA:51,0
DA:52,0
DA:53,0
DA:54,0
DA:55,0
DA:56,0
DA:57,0
DA:58,1
LF:58
LH:18
BRDA:1,0,0,1
BRDA:1,1,0,2
BRDA:5,2,0,1
BRDA:9,3,0,1
BRF:4
BRH:4
end_of_record
